0 Move 1 Tazmanian 3 4 300 130
0 Move 1 Fox 4 2 300 130
0 Move 1 Crocodile 5 2 300 130
0 Move 2 Tazmanian 56 57 300 130
0 Move 2 Fox 57 57 300 130
0 Move 2 Crocodile 55 56 300 130
1 Move 1 Fox 5 2 300 130
1 Move 1 Crocodile 5 1 300 130
1 Move 2 Tazmanian 55 58 300 130
1 Move 2 Fox 58 57 300 130
1 Move 2 Crocodile 55 57 300 130
2 Move 1 Tazmanian 3 5 300 130
2 Move 1 Fox 4 3 300 130
2 Move 1 Crocodile 4 2 300 130
2 Move 2 Tazmanian 56 58 300 130
2 Move 2 Fox 57 56 300 130
2 Move 2 Crocodile 54 56 300 130
3 Move 1 Fox 3 3 300 130
3 Move 1 Crocodile 4 1 300 130
3 Move 2 Tazmanian 55 57 300 130
3 Move 2 Fox 56 57 300 130
3 Move 2 Crocodile 55 55 300 130
4 Move 1 Tazmanian 3 4 300 130
4 Move 1 Fox 2 3 300 130
4 Move 1 Crocodile 4 2 300 130
4 Move 2 Tazmanian 54 56 300 130
4 Move 2 Fox 57 57 300 130
4 Move 2 Crocodile 55 56 300 130
5 Move 1 Fox 3 4 300 130
5 Move 1 Crocodile 3 1 300 130
5 Move 2 Tazmanian 54 57 300 130
5 Move 2 Fox 56 56 300 130
5 Move 2 Crocodile 55 55 300 130
6 Move 1 Tazmanian 2 5 300 130
6 Move 1 Fox 4 4 300 130
6 Move 1 Crocodile 4 2 300 130
6 Move 2 Tazmanian 55 56 300 130
6 Move 2 Fox 55 57 300 130
6 Move 2 Crocodile 56 56 300 130
7 Move 1 Fox 5 4 300 130
7 Move 1 Crocodile 3 3 300 130
7 Move 2 Tazmanian 55 57 300 130
7 Move 2 Fox 56 58 300 130
7 Move 2 Crocodile 57 55 300 130
8 Move 1 Tazmanian 1 4 300 130
8 Move 1 Fox 4 3 300 130
8 Move 1 Crocodile 2 2 300 130
8 Move 2 Tazmanian 56 56 300 130
8 Move 2 Fox 55 57 300 130
8 Move 2 Crocodile 56 56 300 130
9 Move 1 Fox 3 4 300 130
9 Move 1 Crocodile 3 3 300 130
9 Move 2 Tazmanian 55 56 300 130
9 Move 2 Fox 54 57 300 130
9 Move 2 Crocodile 57 55 300 130
10 Move 1 Tazmanian 2 3 300 130
10 Move 1 Fox 2 3 300 130
10 Move 1 Crocodile 2 2 300 130
10 Move 2 Tazmanian 56 57 300 130
10 Move 2 Fox 55 57 300 130
10 Move 2 Crocodile 58 55 300 130
11 Move 1 Fox 3 3 300 130
11 Move 1 Crocodile 2 3 300 130
11 Move 2 Tazmanian 55 57 300 130
11 Move 2 Fox 55 56 300 130
11 Move 2 Crocodile 59 56 300 130
12 Move 1 Tazmanian 3 4 300 130
12 Move 1 Fox 4 2 300 130
12 Move 1 Crocodile 3 4 300 130
12 Move 2 Tazmanian 55 58 300 130
12 Move 2 Fox 54 57 300 130
12 Move 2 Crocodile 58 57 300 130
13 Move 1 Fox 5 1 300 130
13 Move 1 Crocodile 3 5 300 130
13 Move 2 Tazmanian 55 57 300 130
13 Move 2 Fox 53 56 300 130
13 Move 2 Crocodile 59 58 300 130
14 Move 1 Tazmanian 2 4 300 130
14 Move 1 Fox 6 2 300 130
14 Move 1 Crocodile 2 5 300 130
14 Move 2 Tazmanian 55 58 300 130
14 Move 2 Fox 53 57 300 130
14 Move 2 Crocodile 58 57 300 130
15 Move 1 Fox 5 3 300 130
15 Move 1 Crocodile 3 6 300 130
15 Move 2 Tazmanian 55 59 300 130
15 Move 2 Fox 53 58 300 130
15 Move 2 Crocodile 59 58 300 130
16 Move 1 Tazmanian 1 3 300 130
16 Move 1 Fox 4 3 300 130
16 Move 1 Crocodile 2 6 300 130
16 Move 2 Tazmanian 56 58 300 130
16 Move 2 Fox 52 57 300 130
16 Move 2 Crocodile 59 59 300 130
17 Move 1 Fox 5 3 300 130
17 Move 1 Crocodile 3 7 300 130
17 Move 2 Tazmanian 57 58 300 130
17 Move 2 Fox 53 58 300 130
17 Move 2 Crocodile 58 58 300 130
18 Move 1 Tazmanian 0 2 300 130
18 Move 1 Fox 5 4 300 130
18 Move 1 Crocodile 2 6 300 130
18 Move 2 Tazmanian 57 57 300 130
18 Move 2 Fox 54 57 300 130
18 Move 2 Crocodile 58 57 300 130
19 Move 1 Fox 4 3 300 130
19 Move 2 Tazmanian 57 58 300 130
19 Move 2 Fox 53 56 300 130
19 Move 2 Crocodile 59 57 300 130
20 Move 1 Tazmanian 1 3 300 130
20 Move 1 Fox 5 3 300 130
20 Move 1 Crocodile 1 7 300 130
20 Move 2 Tazmanian 58 57 300 130
20 Move 2 Fox 54 55 300 130
20 Move 2 Crocodile 59 56 300 130
21 Move 1 Tazmanian 0 3 300 130
21 Move 1 Fox 6 3 300 130
21 Move 1 Crocodile 2 8 300 130
21 Move 2 Tazmanian 58 56 300 130
21 Move 2 Fox 55 55 300 130
21 Move 2 Crocodile 58 55 300 130
22 Move 1 Tazmanian 1 2 300 130
22 Move 1 Fox 5 3 300 130
22 Move 1 Crocodile 1 7 300 130
22 Move 2 Tazmanian 59 55 300 130
22 Move 2 Fox 54 54 300 130
22 Move 2 Crocodile 57 55 300 130
23 Move 1 Fox 5 4 300 130
23 Move 1 Crocodile 0 8 300 130
23 Move 2 Tazmanian 59 54 300 130
23 Move 2 Fox 54 55 300 130
23 Move 2 Crocodile 58 54 300 130
24 Move 1 Tazmanian 1 1 300 130
24 Move 1 Fox 6 3 300 130
24 Move 1 Crocodile 1 9 300 130
24 Move 2 Tazmanian 58 55 300 130
24 Move 2 Fox 55 54 300 130
24 Move 2 Crocodile 57 54 300 130
25 Move 1 Fox 5 4 300 130
25 Move 1 Crocodile 2 9 300 130
25 Move 2 Tazmanian 57 54 300 130
25 Move 2 Fox 56 54 300 130
25 Move 2 Crocodile 58 53 300 130
26 Move 1 Tazmanian 0 0 300 130
26 Move 1 Fox 6 5 300 130
26 Move 1 Crocodile 2 8 300 130
26 Move 2 Tazmanian 56 54 300 130
26 Move 2 Fox 55 53 300 130
26 Move 2 Crocodile 59 52 300 130
27 Move 1 Fox 7 6 300 130
27 Move 1 Crocodile 1 7 300 130
27 Move 2 Tazmanian 55 55 300 130
27 Move 2 Fox 55 54 300 130
27 Move 2 Crocodile 58 52 300 130
28 Move 1 Tazmanian 1 0 300 130
28 Move 1 Fox 6 5 300 130
28 Move 2 Tazmanian 55 56 300 130
28 Move 2 Fox 56 54 300 130
28 Move 2 Crocodile 58 53 300 130
29 Move 1 Fox 5 4 300 130
29 Move 1 Crocodile 2 8 300 130
29 Move 2 Tazmanian 56 56 300 130
29 Move 2 Fox 55 54 300 130
29 Move 2 Crocodile 58 52 300 130
30 Move 1 Tazmanian 0 1 300 130
30 Move 1 Fox 6 3 300 130
30 Move 2 Tazmanian 57 55 300 130
30 Move 2 Fox 56 53 300 130
30 Move 2 Crocodile 58 53 300 130
31 Move 1 Fox 6 4 300 130
31 Move 1 Crocodile 1 9 300 130
31 Move 2 Tazmanian 56 56 300 130
31 Move 2 Fox 55 53 300 130
31 Move 2 Crocodile 59 52 300 130
32 Move 1 Tazmanian 1 0 300 130
32 Move 1 Fox 7 3 300 130
32 Move 1 Crocodile 2 10 300 130
32 Move 2 Tazmanian 55 56 300 130
32 Move 2 Fox 56 54 300 130
32 Move 2 Crocodile 59 51 300 130
33 Move 1 Fox 7 2 300 130
33 Move 1 Crocodile 2 9 300 130
33 Move 2 Tazmanian 55 57 300 130
33 Move 2 Fox 57 53 300 130
33 Move 2 Crocodile 59 50 300 130
34 Move 1 Tazmanian 0 1 300 130
34 Move 1 Fox 6 2 300 130
34 Move 1 Crocodile 3 9 300 130
34 Move 2 Tazmanian 54 58 300 130
34 Move 2 Fox 58 54 300 130
34 Move 2 Crocodile 58 50 300 130
35 Move 1 Fox 7 3 300 130
35 Move 1 Crocodile 2 9 300 130
35 Move 2 Tazmanian 54 59 300 130
35 Move 2 Fox 58 53 300 130
35 Move 2 Crocodile 59 49 300 130
36 Move 1 Tazmanian 1 2 300 130
36 Move 1 Fox 8 4 300 130
36 Move 1 Crocodile 3 8 300 130
36 Move 2 Tazmanian 54 58 300 130
36 Move 2 Fox 59 54 300 130
36 Move 2 Crocodile 58 48 300 130
37 Move 1 Fox 9 3 300 130
37 Move 1 Crocodile 3 9 300 130
37 Move 2 Tazmanian 55 59 300 130
37 Move 2 Fox 58 55 300 130
37 Move 2 Crocodile 57 49 300 130
38 Move 1 Tazmanian 0 2 300 130
38 Move 1 Fox 9 4 300 130
38 Move 1 Crocodile 2 10 300 130
38 Move 2 Tazmanian 54 58 300 130
38 Move 2 Fox 58 54 300 130
38 Move 2 Crocodile 56 50 300 130
39 Move 1 Fox 8 3 300 130
39 Move 1 Crocodile 3 11 300 130
39 Move 2 Tazmanian 55 58 300 130
39 Move 2 Fox 58 53 300 130
39 Move 2 Crocodile 57 50 300 130
40 Move 1 Tazmanian 1 1 300 130
40 Move 1 Fox 8 4 300 130
40 Move 1 Crocodile 3 10 300 130
40 Move 2 Tazmanian 56 57 300 130
40 Move 2 Fox 58 54 300 130
40 Move 2 Crocodile 58 49 300 130
41 Move 1 Fox 9 5 300 130
41 Move 1 Crocodile 2 11 300 130
41 Move 2 Tazmanian 57 56 300 130
41 Move 2 Fox 59 53 300 130
41 Move 2 Crocodile 57 50 300 130
42 Move 1 Tazmanian 1 2 300 130
42 Move 1 Fox 10 4 300 130
42 Move 1 Crocodile 3 11 300 130
42 Move 2 Tazmanian 57 55 300 130
42 Move 2 Fox 59 52 300 130
42 Move 2 Crocodile 58 49 300 130
43 Move 1 Fox 9 3 300 130
43 Move 1 Crocodile 4 10 300 130
43 Move 2 Tazmanian 56 55 300 130
43 Move 2 Fox 59 53 300 130
43 Move 2 Crocodile 57 50 300 130
44 Move 1 Tazmanian 2 3 300 130
44 Move 1 Crocodile 3 9 300 130
44 Move 2 Tazmanian 57 54 300 130
44 Move 2 Fox 58 52 300 130
44 Move 2 Crocodile 56 51 300 130
45 Move 2 Tazmanian 56 54 300 130
45 Move 2 Fox 58 51 300 130
45 Move 2 Crocodile 55 50 300 130
46 Move 1 Tazmanian 1 3 300 130
46 Move 1 Fox 10 4 300 130
46 Move 1 Crocodile 2 8 300 130
46 Move 2 Tazmanian 56 55 300 130
46 Move 2 Fox 59 50 300 130
46 Move 2 Crocodile 56 50 300 130
47 Move 1 Fox 9 5 300 130
47 Move 1 Crocodile 1 7 300 130
47 Move 2 Tazmanian 57 56 300 130
47 Move 2 Fox 58 49 300 130
47 Move 2 Crocodile 55 50 300 130
48 Move 1 Tazmanian 1 2 300 130
48 Move 1 Crocodile 0 8 300 130
48 Move 2 Tazmanian 57 55 300 130
48 Move 2 Fox 58 48 300 130
48 Move 2 Crocodile 54 50 300 130
49 Move 2 Tazmanian 58 54 300 130
49 Move 2 Fox 59 49 300 130
49 Move 2 Crocodile 54 49 300 130
50 Move 1 Tazmanian 1 3 300 130
50 Move 1 Crocodile 1 7 300 130
50 Move 2 Tazmanian 59 55 300 130
50 Move 2 Fox 58 50 300 130
50 Move 2 Crocodile 55 50 300 130
51 Move 1 Crocodile 0 8 300 130
51 Move 2 Tazmanian 58 56 300 130
51 Move 2 Fox 59 51 300 130
51 Move 2 Crocodile 56 49 300 130
52 Move 1 Tazmanian 2 2 300 130
52 Move 1 Fox 8 5 300 130
52 Move 1 Crocodile 0 7 300 130
52 Move 2 Tazmanian 58 57 300 130
52 Move 2 Fox 58 50 300 130
52 Move 2 Crocodile 56 48 300 130
53 Move 1 Fox 7 5 300 130
53 Move 1 Crocodile 1 6 300 130
53 Move 2 Tazmanian 59 57 300 130
53 Move 2 Fox 57 49 300 130
53 Move 2 Crocodile 57 49 300 130
54 Move 1 Tazmanian 2 1 300 130
54 Move 1 Fox 7 4 300 130
54 Move 1 Crocodile 0 7 300 130
54 Move 2 Tazmanian 58 56 300 130
54 Move 2 Fox 57 50 300 130
54 Move 2 Crocodile 56 48 300 130
55 Move 1 Fox 7 5 300 130
55 Move 1 Crocodile 0 6 300 130
55 Move 2 Tazmanian 57 56 300 130
55 Move 2 Fox 58 50 300 130
55 Move 2 Crocodile 56 47 300 130
56 Move 1 Tazmanian 3 0 300 130
56 Move 1 Fox 8 5 300 130
56 Move 1 Crocodile 1 7 300 130
56 Move 2 Tazmanian 58 57 300 130
56 Move 2 Fox 59 49 300 130
56 Move 2 Crocodile 57 46 300 130
57 Move 2 Tazmanian 58 56 300 130
57 Move 2 Fox 59 50 300 130
57 Move 2 Crocodile 57 47 300 130
58 Move 1 Tazmanian 2 1 300 130
58 Move 1 Fox 7 5 300 130
58 Move 2 Tazmanian 58 57 300 130
58 Move 2 Fox 58 49 300 130
58 Move 2 Crocodile 56 46 300 130
59 Move 1 Fox 7 4 300 130
59 Move 1 Crocodile 1 6 300 130
59 Move 2 Tazmanian 59 58 300 130
59 Move 2 Fox 59 50 300 130
59 Move 2 Crocodile 57 45 300 130
60 Move 1 Tazmanian 2 2 300 130
60 Move 1 Fox 8 4 300 130
60 Move 1 Crocodile 1 5 300 130
60 Move 2 Tazmanian 58 59 300 130
60 Move 2 Fox 59 51 300 130
60 Move 2 Crocodile 56 44 300 130
61 Move 1 Fox 9 3 300 130
61 Move 1 Crocodile 1 4 300 130
61 Move 2 Tazmanian 57 59 300 130
61 Move 2 Fox 59 52 300 130
61 Move 2 Crocodile 55 45 300 130
62 Move 1 Tazmanian 1 3 300 130
62 Move 1 Fox 9 2 300 130
62 Move 1 Crocodile 0 4 300 130
62 Move 2 Tazmanian 57 58 300 130
62 Move 2 Fox 58 52 300 130
62 Move 2 Crocodile 54 46 300 130
63 Move 1 Fox 8 1 300 130
63 Move 1 Crocodile 1 5 300 130
63 Move 2 Tazmanian 57 57 300 130
63 Move 2 Fox 57 53 300 130
63 Move 2 Crocodile 55 47 300 130
64 Move 1 Tazmanian 1 4 300 130
64 Move 1 Fox 9 0 300 130
64 Move 1 Crocodile 0 5 300 130
64 Move 2 Tazmanian 56 58 300 130
64 Move 2 Fox 58 54 300 130
64 Move 2 Crocodile 54 47 300 130
65 Move 1 Fox 8 1 300 130
65 Move 1 Crocodile 1 5 300 130
65 Move 2 Tazmanian 57 59 300 130
65 Move 2 Fox 58 55 300 130
65 Move 2 Crocodile 55 48 300 130
66 Move 1 Tazmanian 2 3 300 130
66 Move 1 Fox 8 2 300 130
66 Move 1 Crocodile 2 5 300 130
66 Move 2 Tazmanian 56 58 300 130
66 Move 2 Fox 58 54 300 130
66 Move 2 Crocodile 55 49 300 130
67 Move 1 Fox 9 1 300 130
67 Move 1 Crocodile 3 6 300 130
67 Move 2 Tazmanian 57 57 300 130
67 Move 2 Fox 57 54 300 130
67 Move 2 Crocodile 54 50 300 130
68 Move 1 Tazmanian 3 2 300 130
68 Move 1 Crocodile 3 5 300 130
68 Move 2 Tazmanian 58 58 300 130
68 Move 2 Fox 58 55 300 130
68 Move 2 Crocodile 53 51 300 130
69 Move 1 Fox 9 2 300 130
69 Move 1 Crocodile 2 5 300 130
69 Move 2 Tazmanian 59 57 300 130
69 Move 2 Fox 57 54 300 130
70 Move 1 Tazmanian 4 2 300 130
70 Move 1 Crocodile 2 6 300 130
70 Move 2 Tazmanian 59 58 300 130
70 Move 2 Fox 58 53 300 130
71 Move 1 Fox 9 1 300 130
71 Move 1 Crocodile 3 5 300 130
71 Move 2 Tazmanian 58 59 300 130
71 Move 2 Fox 59 52 300 130
71 Move 2 Crocodile 54 51 300 130
72 Move 1 Tazmanian 3 2 300 130
72 Move 1 Crocodile 3 6 300 130
72 Move 2 Tazmanian 57 59 300 130
72 Move 2 Fox 58 51 300 130
72 Move 2 Crocodile 55 50 300 130
73 Move 1 Fox 10 0 300 130
73 Move 2 Tazmanian 58 59 300 130
73 Move 2 Fox 58 50 300 130
73 Move 2 Crocodile 54 49 300 130
